{"/Users/nhumai/Company/dxp/packages/tests/forms/checkbox-field.tsx": {"path":"/Users/nhumai/Company/dxp/packages/tests/forms/checkbox-field.tsx","all":false,"statementMap":{"0":{"start":{"line":1,"column":0},"end":{"line":1,"column":25}},"1":{"start":{"line":2,"column":0},"end":{"line":2,"column":0}},"2":{"start":{"line":3,"column":0},"end":{"line":3,"column":8}},"3":{"start":{"line":4,"column":0},"end":{"line":4,"column":13}},"4":{"start":{"line":5,"column":0},"end":{"line":5,"column":11}},"5":{"start":{"line":6,"column":0},"end":{"line":6,"column":14}},"6":{"start":{"line":7,"column":0},"end":{"line":7,"column":17}},"7":{"start":{"line":8,"column":0},"end":{"line":8,"column":16}},"8":{"start":{"line":9,"column":0},"end":{"line":9,"column":18}},"9":{"start":{"line":10,"column":0},"end":{"line":10,"column":15}},"10":{"start":{"line":11,"column":0},"end":{"line":11,"column":25}},"11":{"start":{"line":12,"column":0},"end":{"line":12,"column":69}},"12":{"start":{"line":13,"column":0},"end":{"line":13,"column":0}},"13":{"start":{"line":14,"column":0},"end":{"line":14,"column":59}},"14":{"start":{"line":15,"column":0},"end":{"line":15,"column":43}},"15":{"start":{"line":16,"column":0},"end":{"line":16,"column":15}},"16":{"start":{"line":17,"column":0},"end":{"line":17,"column":19}},"17":{"start":{"line":18,"column":0},"end":{"line":18,"column":14}},"18":{"start":{"line":19,"column":0},"end":{"line":19,"column":53}},"19":{"start":{"line":20,"column":0},"end":{"line":20,"column":14}},"20":{"start":{"line":21,"column":0},"end":{"line":21,"column":26}},"21":{"start":{"line":22,"column":0},"end":{"line":22,"column":21}},"22":{"start":{"line":23,"column":0},"end":{"line":23,"column":76}},"23":{"start":{"line":24,"column":0},"end":{"line":24,"column":74}},"24":{"start":{"line":25,"column":0},"end":{"line":25,"column":1}},"25":{"start":{"line":26,"column":0},"end":{"line":26,"column":0}},"26":{"start":{"line":27,"column":0},"end":{"line":27,"column":86}},"27":{"start":{"line":28,"column":0},"end":{"line":28,"column":92}},"28":{"start":{"line":29,"column":0},"end":{"line":29,"column":0}},"29":{"start":{"line":30,"column":0},"end":{"line":30,"column":10}},"30":{"start":{"line":31,"column":0},"end":{"line":31,"column":99}},"31":{"start":{"line":32,"column":0},"end":{"line":32,"column":46}},"32":{"start":{"line":33,"column":0},"end":{"line":33,"column":18}},"33":{"start":{"line":34,"column":0},"end":{"line":34,"column":17}},"34":{"start":{"line":35,"column":0},"end":{"line":35,"column":92}},"35":{"start":{"line":36,"column":0},"end":{"line":36,"column":18}},"36":{"start":{"line":37,"column":0},"end":{"line":37,"column":61}},"37":{"start":{"line":38,"column":0},"end":{"line":38,"column":63}},"38":{"start":{"line":39,"column":0},"end":{"line":39,"column":34}},"39":{"start":{"line":40,"column":0},"end":{"line":40,"column":8}},"40":{"start":{"line":41,"column":0},"end":{"line":41,"column":18}},"41":{"start":{"line":42,"column":0},"end":{"line":42,"column":3}},"42":{"start":{"line":43,"column":0},"end":{"line":43,"column":2}}},"s":{"0":1,"1":1,"2":1,"3":1,"4":1,"5":1,"6":1,"7":1,"8":1,"9":1,"10":1,"11":1,"12":1,"13":1,"14":1,"15":1,"16":1,"17":1,"18":1,"19":1,"20":1,"21":1,"22":1,"23":1,"24":1,"25":1,"26":1,"27":3,"28":3,"29":3,"30":3,"31":3,"32":3,"33":3,"34":3,"35":3,"36":1,"37":1,"38":1,"39":3,"40":3,"41":3,"42":3},"branchMap":{"0":{"type":"branch","line":27,"loc":{"start":{"line":27,"column":69},"end":{"line":43,"column":2}},"locations":[{"start":{"line":27,"column":69},"end":{"line":43,"column":2}}]},"1":{"type":"branch","line":31,"loc":{"start":{"line":31,"column":38},"end":{"line":31,"column":66}},"locations":[{"start":{"line":31,"column":38},"end":{"line":31,"column":66}}]},"2":{"type":"branch","line":35,"loc":{"start":{"line":35,"column":7},"end":{"line":35,"column":40}},"locations":[{"start":{"line":35,"column":7},"end":{"line":35,"column":40}}]},"3":{"type":"branch","line":35,"loc":{"start":{"line":35,"column":22},"end":{"line":35,"column":40}},"locations":[{"start":{"line":35,"column":22},"end":{"line":35,"column":40}}]},"4":{"type":"branch","line":35,"loc":{"start":{"line":35,"column":35},"end":{"line":35,"column":92}},"locations":[{"start":{"line":35,"column":35},"end":{"line":35,"column":92}}]},"5":{"type":"branch","line":35,"loc":{"start":{"line":35,"column":57},"end":{"line":35,"column":74}},"locations":[{"start":{"line":35,"column":57},"end":{"line":35,"column":74}}]},"6":{"type":"branch","line":36,"loc":{"start":{"line":36,"column":7},"end":{"line":39,"column":34}},"locations":[{"start":{"line":36,"column":7},"end":{"line":39,"column":34}}]},"7":{"type":"branch","line":38,"loc":{"start":{"line":38,"column":34},"end":{"line":38,"column":63}},"locations":[{"start":{"line":38,"column":34},"end":{"line":38,"column":63}}]},"8":{"type":"branch","line":43,"loc":{"start":{"line":43,"column":1},"end":{"line":43,"column":2}},"locations":[{"start":{"line":43,"column":1},"end":{"line":43,"column":2}}]}},"b":{"0":[3],"1":[1],"2":[1],"3":[0],"4":[1],"5":[0],"6":[1],"7":[0],"8":[3]},"fnMap":{"0":{"name":"get","decl":{"start":{"line":43,"column":1},"end":{"line":43,"column":2}},"loc":{"start":{"line":43,"column":1},"end":{"line":43,"column":2}},"line":43}},"f":{"0":3}}
,"/Users/nhumai/Company/dxp/packages/tests/forms/translation-error-message.tsx": {"path":"/Users/nhumai/Company/dxp/packages/tests/forms/translation-error-message.tsx","all":false,"statementMap":{"0":{"start":{"line":1,"column":0},"end":{"line":1,"column":25}},"1":{"start":{"line":2,"column":0},"end":{"line":2,"column":45}},"2":{"start":{"line":3,"column":0},"end":{"line":3,"column":51}},"3":{"start":{"line":4,"column":0},"end":{"line":4,"column":54}},"4":{"start":{"line":5,"column":0},"end":{"line":5,"column":0}},"5":{"start":{"line":6,"column":0},"end":{"line":6,"column":66}},"6":{"start":{"line":7,"column":0},"end":{"line":7,"column":32}},"7":{"start":{"line":8,"column":0},"end":{"line":8,"column":0}},"8":{"start":{"line":9,"column":0},"end":{"line":9,"column":10}},"9":{"start":{"line":10,"column":0},"end":{"line":10,"column":17}},"10":{"start":{"line":11,"column":0},"end":{"line":11,"column":16}},"11":{"start":{"line":12,"column":0},"end":{"line":12,"column":81}},"12":{"start":{"line":13,"column":0},"end":{"line":13,"column":6}},"13":{"start":{"line":14,"column":0},"end":{"line":14,"column":3}},"14":{"start":{"line":15,"column":0},"end":{"line":15,"column":1}}},"s":{"0":1,"1":1,"2":1,"3":1,"4":1,"5":1,"6":2,"7":2,"8":2,"9":2,"10":2,"11":2,"12":2,"13":2,"14":2},"branchMap":{"0":{"type":"branch","line":6,"loc":{"start":{"line":6,"column":54},"end":{"line":15,"column":1}},"locations":[{"start":{"line":6,"column":54},"end":{"line":15,"column":1}}]},"1":{"type":"branch","line":15,"loc":{"start":{"line":15,"column":0},"end":{"line":15,"column":1}},"locations":[{"start":{"line":15,"column":0},"end":{"line":15,"column":1}}]}},"b":{"0":[2],"1":[2]},"fnMap":{"0":{"name":"TranslationErrorMessage","decl":{"start":{"line":6,"column":54},"end":{"line":15,"column":1}},"loc":{"start":{"line":6,"column":54},"end":{"line":15,"column":1}},"line":6},"1":{"name":"render","decl":{"start":{"line":12,"column":14},"end":{"line":12,"column":81}},"loc":{"start":{"line":12,"column":14},"end":{"line":12,"column":81}},"line":12},"2":{"name":"get","decl":{"start":{"line":15,"column":0},"end":{"line":15,"column":1}},"loc":{"start":{"line":15,"column":0},"end":{"line":15,"column":1}},"line":15}},"f":{"0":2,"1":0,"2":2}}
,"/Users/nhumai/Company/dxp/packages/tests/sum/sum.ts": {"path":"/Users/nhumai/Company/dxp/packages/tests/sum/sum.ts","all":false,"statementMap":{"0":{"start":{"line":1,"column":0},"end":{"line":1,"column":30}},"1":{"start":{"line":2,"column":0},"end":{"line":2,"column":14}},"2":{"start":{"line":3,"column":0},"end":{"line":3,"column":1}}},"s":{"0":1,"1":1,"2":1},"branchMap":{"0":{"type":"branch","line":1,"loc":{"start":{"line":1,"column":29},"end":{"line":3,"column":1}},"locations":[{"start":{"line":1,"column":29},"end":{"line":3,"column":1}}]},"1":{"type":"branch","line":3,"loc":{"start":{"line":3,"column":0},"end":{"line":3,"column":1}},"locations":[{"start":{"line":3,"column":0},"end":{"line":3,"column":1}}]}},"b":{"0":[1],"1":[1]},"fnMap":{"0":{"name":"sum","decl":{"start":{"line":1,"column":29},"end":{"line":3,"column":1}},"loc":{"start":{"line":1,"column":29},"end":{"line":3,"column":1}},"line":1},"1":{"name":"get","decl":{"start":{"line":3,"column":0},"end":{"line":3,"column":1}},"loc":{"start":{"line":3,"column":0},"end":{"line":3,"column":1}},"line":3}},"f":{"0":1,"1":1}}
}
